<?xml version="1.0" encoding="UTF-8"?>
<coverage generated="1755987407501" clover="3.2.0">
  <project timestamp="1755987407502" name="All files">
    <metrics statements="80" coveredstatements="71" conditionals="20" coveredconditionals="11" methods="30" coveredmethods="23" elements="130" coveredelements="105" complexity="0" loc="80" ncloc="80" packages="2" files="11" classes="11"/>
    <package name="Components">
      <metrics statements="61" coveredstatements="57" conditionals="20" coveredconditionals="11" methods="23" coveredmethods="21"/>
      <file name="Body.jsx" path="E:\Web Devlopment\1. Front End Development\Framework\1. React\Assignment 04\src\Components\Body.jsx">
        <metrics statements="37" coveredstatements="33" conditionals="16" coveredconditionals="9" methods="12" coveredmethods="10"/>
        <line num="8" count="1" type="stmt"/>
        <line num="9" count="9" type="stmt"/>
        <line num="10" count="9" type="stmt"/>
        <line num="11" count="9" type="stmt"/>
        <line num="12" count="9" type="stmt"/>
        <line num="14" count="9" type="stmt"/>
        <line num="15" count="9" type="stmt"/>
        <line num="16" count="2" type="stmt"/>
        <line num="17" count="2" type="stmt"/>
        <line num="20" count="2" type="stmt"/>
        <line num="23" count="2" type="cond" truecount="1" falsecount="1"/>
        <line num="26" count="2" type="stmt"/>
        <line num="27" count="2" type="stmt"/>
        <line num="28" count="2" type="stmt"/>
        <line num="31" count="9" type="stmt"/>
        <line num="32" count="2" type="stmt"/>
        <line num="35" count="9" type="stmt"/>
        <line num="37" count="1" type="stmt"/>
        <line num="38" count="1" type="stmt"/>
        <line num="39" count="20" type="stmt"/>
        <line num="40" count="20" type="cond" truecount="1" falsecount="1"/>
        <line num="43" count="20" type="stmt"/>
        <line num="44" count="20" type="cond" truecount="2" falsecount="0"/>
        <line num="47" count="1" type="stmt"/>
        <line num="50" count="9" type="stmt"/>
        <line num="51" count="9" type="cond" truecount="1" falsecount="1"/>
        <line num="52" count="0" type="stmt"/>
        <line num="55" count="9" type="stmt"/>
        <line num="57" count="9" type="cond" truecount="2" falsecount="0"/>
        <line num="68" count="1" type="stmt"/>
        <line num="70" count="0" type="cond" truecount="0" falsecount="2"/>
        <line num="71" count="0" type="stmt"/>
        <line num="83" count="1" type="stmt"/>
        <line num="84" count="20" type="stmt"/>
        <line num="86" count="1" type="stmt"/>
        <line num="96" count="0" type="stmt"/>
        <line num="103" count="72" type="stmt"/>
      </file>
      <file name="Contact.jsx" path="E:\Web Devlopment\1. Front End Development\Framework\1. React\Assignment 04\src\Components\Contact.jsx">
        <metrics statements="2" coveredstatements="2" conditionals="0" coveredconditionals="0" methods="1" coveredmethods="1"/>
        <line num="1" count="1" type="stmt"/>
        <line num="2" count="4" type="stmt"/>
      </file>
      <file name="Header.jsx" path="E:\Web Devlopment\1. Front End Development\Framework\1. React\Assignment 04\src\Components\Header.jsx">
        <metrics statements="7" coveredstatements="7" conditionals="4" coveredconditionals="2" methods="3" coveredmethods="3"/>
        <line num="9" count="1" type="stmt"/>
        <line num="10" count="4" type="stmt"/>
        <line num="12" count="4" type="stmt"/>
        <line num="14" count="4" type="stmt"/>
        <line num="18" count="7" type="stmt"/>
        <line num="19" count="4" type="stmt"/>
        <line num="57" count="1" type="cond" truecount="1" falsecount="1"/>
      </file>
      <file name="RestaurantCard.jsx" path="E:\Web Devlopment\1. Front End Development\Framework\1. React\Assignment 04\src\Components\RestaurantCard.jsx">
        <metrics statements="7" coveredstatements="7" conditionals="0" coveredconditionals="0" methods="3" coveredmethods="3"/>
        <line num="5" count="2" type="stmt"/>
        <line num="6" count="73" type="stmt"/>
        <line num="8" count="73" type="stmt"/>
        <line num="10" count="73" type="stmt"/>
        <line num="27" count="2" type="stmt"/>
        <line num="28" count="9" type="stmt"/>
        <line num="29" count="72" type="stmt"/>
      </file>
      <file name="Shimmer.jsx" path="E:\Web Devlopment\1. Front End Development\Framework\1. React\Assignment 04\src\Components\Shimmer.jsx">
        <metrics statements="6" coveredstatements="6" conditionals="0" coveredconditionals="0" methods="3" coveredmethods="3"/>
        <line num="1" count="1" type="stmt"/>
        <line num="2" count="32" type="stmt"/>
        <line num="12" count="1" type="stmt"/>
        <line num="13" count="4" type="stmt"/>
        <line num="14" count="4" type="stmt"/>
        <line num="17" count="32" type="stmt"/>
      </file>
      <file name="sum.js" path="E:\Web Devlopment\1. Front End Development\Framework\1. React\Assignment 04\src\Components\sum.js">
        <metrics statements="2" coveredstatements="2" conditionals="0" coveredconditionals="0" methods="1" coveredmethods="1"/>
        <line num="1" count="1" type="stmt"/>
        <line num="2" count="1" type="stmt"/>
      </file>
    </package>
    <package name="Utils">
      <metrics statements="19" coveredstatements="14" conditionals="0" coveredconditionals="0" methods="7" coveredmethods="2"/>
      <file name="appStore.js" path="E:\Web Devlopment\1. Front End Development\Framework\1. React\Assignment 04\src\Utils\appStore.js">
        <metrics statements="1" coveredstatements="1" conditionals="0" coveredconditionals="0" methods="0" coveredmethods="0"/>
        <line num="4" count="1" type="stmt"/>
      </file>
      <file name="cartSlice.js" path="E:\Web Devlopment\1. Front End Development\Framework\1. React\Assignment 04\src\Utils\cartSlice.js">
        <metrics statements="5" coveredstatements="2" conditionals="0" coveredconditionals="0" methods="3" coveredmethods="0"/>
        <line num="3" count="1" type="stmt"/>
        <line num="10" count="0" type="stmt"/>
        <line num="13" count="0" type="stmt"/>
        <line num="16" count="0" type="stmt"/>
        <line num="21" count="1" type="stmt"/>
      </file>
      <file name="constants.js" path="E:\Web Devlopment\1. Front End Development\Framework\1. React\Assignment 04\src\Utils\constants.js">
        <metrics statements="4" coveredstatements="4" conditionals="0" coveredconditionals="0" methods="0" coveredmethods="0"/>
        <line num="2" count="2" type="stmt"/>
        <line num="5" count="2" type="stmt"/>
        <line num="8" count="2" type="stmt"/>
        <line num="11" count="2" type="stmt"/>
      </file>
      <file name="useOnlineStatus.js" path="E:\Web Devlopment\1. Front End Development\Framework\1. React\Assignment 04\src\Utils\useOnlineStatus.js">
        <metrics statements="8" coveredstatements="6" conditionals="0" coveredconditionals="0" methods="4" coveredmethods="2"/>
        <line num="3" count="2" type="stmt"/>
        <line num="4" count="13" type="stmt"/>
        <line num="5" count="13" type="stmt"/>
        <line num="6" count="5" type="stmt"/>
        <line num="7" count="0" type="stmt"/>
        <line num="10" count="5" type="stmt"/>
        <line num="11" count="0" type="stmt"/>
        <line num="15" count="13" type="stmt"/>
      </file>
      <file name="userContext.js" path="E:\Web Devlopment\1. Front End Development\Framework\1. React\Assignment 04\src\Utils\userContext.js">
        <metrics statements="1" coveredstatements="1" conditionals="0" coveredconditionals="0" methods="0" coveredmethods="0"/>
        <line num="3" count="2" type="stmt"/>
      </file>
    </package>
  </project>
</coverage>
