<?xml version="1.0" encoding="UTF-8"?>
<coverage generated="1758995682232" clover="3.2.0">
  <project timestamp="1758995682232" name="All files">
    <metrics statements="119" coveredstatements="116" conditionals="32" coveredconditionals="30" methods="46" coveredmethods="43" elements="197" coveredelements="189" complexity="0" loc="119" ncloc="119" packages="2" files="16" classes="16"/>
    <package name="Components">
      <metrics statements="91" coveredstatements="91" conditionals="32" coveredconditionals="30" methods="36" coveredmethods="36"/>
      <file name="Body.jsx" path="E:\Web Devlopment\1. Front End Development\Framework\1. React\Assignment 04\src\Components\Body.jsx">
        <metrics statements="37" coveredstatements="37" conditionals="10" coveredconditionals="9" methods="12" coveredmethods="12"/>
        <line num="8" count="2" type="stmt"/>
        <line num="9" count="20" type="stmt"/>
        <line num="10" count="20" type="stmt"/>
        <line num="11" count="20" type="stmt"/>
        <line num="12" count="20" type="stmt"/>
        <line num="14" count="20" type="stmt"/>
        <line num="15" count="20" type="stmt"/>
        <line num="16" count="5" type="stmt"/>
        <line num="17" count="5" type="stmt"/>
        <line num="20" count="5" type="stmt"/>
        <line num="23" count="5" type="stmt"/>
        <line num="26" count="5" type="stmt"/>
        <line num="27" count="5" type="stmt"/>
        <line num="28" count="5" type="stmt"/>
        <line num="31" count="20" type="stmt"/>
        <line num="32" count="5" type="stmt"/>
        <line num="35" count="20" type="stmt"/>
        <line num="37" count="2" type="stmt"/>
        <line num="38" count="2" type="stmt"/>
        <line num="39" count="40" type="stmt"/>
        <line num="40" count="40" type="stmt"/>
        <line num="41" count="40" type="stmt"/>
        <line num="42" count="40" type="cond" truecount="2" falsecount="0"/>
        <line num="45" count="2" type="stmt"/>
        <line num="48" count="20" type="stmt"/>
        <line num="49" count="20" type="cond" truecount="2" falsecount="0"/>
        <line num="50" count="3" type="stmt"/>
        <line num="53" count="17" type="stmt"/>
        <line num="55" count="17" type="cond" truecount="2" falsecount="0"/>
        <line num="66" count="2" type="stmt"/>
        <line num="68" count="1" type="cond" truecount="1" falsecount="1"/>
        <line num="69" count="1" type="stmt"/>
        <line num="81" count="1" type="stmt"/>
        <line num="82" count="20" type="stmt"/>
        <line num="84" count="1" type="stmt"/>
        <line num="95" count="1" type="stmt"/>
        <line num="102" count="138" type="stmt"/>
      </file>
      <file name="Cart.jsx" path="E:\Web Devlopment\1. Front End Development\Framework\1. React\Assignment 04\src\Components\Cart.jsx">
        <metrics statements="6" coveredstatements="6" conditionals="4" coveredconditionals="4" methods="3" coveredmethods="3"/>
        <line num="5" count="1" type="stmt"/>
        <line num="6" count="6" type="stmt"/>
        <line num="8" count="3" type="stmt"/>
        <line num="9" count="3" type="stmt"/>
        <line num="10" count="1" type="stmt"/>
        <line num="13" count="3" type="stmt"/>
      </file>
      <file name="Contact.jsx" path="E:\Web Devlopment\1. Front End Development\Framework\1. React\Assignment 04\src\Components\Contact.jsx">
        <metrics statements="2" coveredstatements="2" conditionals="0" coveredconditionals="0" methods="1" coveredmethods="1"/>
        <line num="1" count="1" type="stmt"/>
        <line num="2" count="4" type="stmt"/>
      </file>
      <file name="Header.jsx" path="E:\Web Devlopment\1. Front End Development\Framework\1. React\Assignment 04\src\Components\Header.jsx">
        <metrics statements="7" coveredstatements="7" conditionals="4" coveredconditionals="4" methods="3" coveredmethods="3"/>
        <line num="9" count="2" type="stmt"/>
        <line num="10" count="11" type="stmt"/>
        <line num="12" count="11" type="stmt"/>
        <line num="14" count="11" type="stmt"/>
        <line num="18" count="20" type="stmt"/>
        <line num="19" count="11" type="stmt"/>
        <line num="57" count="2" type="cond" truecount="2" falsecount="0"/>
      </file>
      <file name="ItemList.jsx" path="E:\Web Devlopment\1. Front End Development\Framework\1. React\Assignment 04\src\Components\ItemList.jsx">
        <metrics statements="7" coveredstatements="7" conditionals="4" coveredconditionals="4" methods="4" coveredmethods="4"/>
        <line num="6" count="1" type="stmt"/>
        <line num="7" count="9" type="stmt"/>
        <line num="9" count="9" type="stmt"/>
        <line num="11" count="2" type="stmt"/>
        <line num="14" count="9" type="stmt"/>
        <line num="17" count="116" type="stmt"/>
        <line num="36" count="2" type="stmt"/>
      </file>
      <file name="RestaurantCard.jsx" path="E:\Web Devlopment\1. Front End Development\Framework\1. React\Assignment 04\src\Components\RestaurantCard.jsx">
        <metrics statements="7" coveredstatements="7" conditionals="0" coveredconditionals="0" methods="3" coveredmethods="3"/>
        <line num="5" count="3" type="stmt"/>
        <line num="6" count="140" type="stmt"/>
        <line num="8" count="140" type="stmt"/>
        <line num="10" count="140" type="stmt"/>
        <line num="27" count="3" type="stmt"/>
        <line num="28" count="21" type="stmt"/>
        <line num="29" count="127" type="stmt"/>
      </file>
      <file name="RestaurantCategory.jsx" path="E:\Web Devlopment\1. Front End Development\Framework\1. React\Assignment 04\src\Components\RestaurantCategory.jsx">
        <metrics statements="5" coveredstatements="5" conditionals="4" coveredconditionals="4" methods="2" coveredmethods="2"/>
        <line num="5" count="1" type="stmt"/>
        <line num="6" count="84" type="stmt"/>
        <line num="7" count="3" type="stmt"/>
        <line num="10" count="84" type="stmt"/>
        <line num="11" count="84" type="stmt"/>
      </file>
      <file name="RestaurantMenu.jsx" path="E:\Web Devlopment\1. Front End Development\Framework\1. React\Assignment 04\src\Components\RestaurantMenu.jsx">
        <metrics statements="12" coveredstatements="12" conditionals="6" coveredconditionals="5" methods="4" coveredmethods="4"/>
        <line num="7" count="1" type="stmt"/>
        <line num="8" count="11" type="stmt"/>
        <line num="9" count="11" type="stmt"/>
        <line num="11" count="11" type="stmt"/>
        <line num="14" count="11" type="cond" truecount="2" falsecount="0"/>
        <line num="15" count="4" type="stmt"/>
        <line num="18" count="7" type="stmt"/>
        <line num="21" count="7" type="stmt"/>
        <line num="23" count="147" type="stmt"/>
        <line num="27" count="7" type="stmt"/>
        <line num="36" count="84" type="stmt"/>
        <line num="41" count="3" type="cond" truecount="1" falsecount="1"/>
      </file>
      <file name="Shimmer.jsx" path="E:\Web Devlopment\1. Front End Development\Framework\1. React\Assignment 04\src\Components\Shimmer.jsx">
        <metrics statements="6" coveredstatements="6" conditionals="0" coveredconditionals="0" methods="3" coveredmethods="3"/>
        <line num="1" count="3" type="stmt"/>
        <line num="2" count="96" type="stmt"/>
        <line num="12" count="3" type="stmt"/>
        <line num="13" count="12" type="stmt"/>
        <line num="14" count="12" type="stmt"/>
        <line num="17" count="96" type="stmt"/>
      </file>
      <file name="sum.js" path="E:\Web Devlopment\1. Front End Development\Framework\1. React\Assignment 04\src\Components\sum.js">
        <metrics statements="2" coveredstatements="2" conditionals="0" coveredconditionals="0" methods="1" coveredmethods="1"/>
        <line num="1" count="1" type="stmt"/>
        <line num="2" count="1" type="stmt"/>
      </file>
    </package>
    <package name="Utils">
      <metrics statements="28" coveredstatements="25" conditionals="0" coveredconditionals="0" methods="10" coveredmethods="7"/>
      <file name="appStore.js" path="E:\Web Devlopment\1. Front End Development\Framework\1. React\Assignment 04\src\Utils\appStore.js">
        <metrics statements="1" coveredstatements="1" conditionals="0" coveredconditionals="0" methods="0" coveredmethods="0"/>
        <line num="4" count="2" type="stmt"/>
      </file>
      <file name="cartSlice.js" path="E:\Web Devlopment\1. Front End Development\Framework\1. React\Assignment 04\src\Utils\cartSlice.js">
        <metrics statements="5" coveredstatements="4" conditionals="0" coveredconditionals="0" methods="3" coveredmethods="2"/>
        <line num="3" count="2" type="stmt"/>
        <line num="10" count="2" type="stmt"/>
        <line num="13" count="0" type="stmt"/>
        <line num="16" count="1" type="stmt"/>
        <line num="21" count="2" type="stmt"/>
      </file>
      <file name="constants.js" path="E:\Web Devlopment\1. Front End Development\Framework\1. React\Assignment 04\src\Utils\constants.js">
        <metrics statements="4" coveredstatements="4" conditionals="0" coveredconditionals="0" methods="0" coveredmethods="0"/>
        <line num="2" count="4" type="stmt"/>
        <line num="5" count="4" type="stmt"/>
        <line num="8" count="4" type="stmt"/>
        <line num="11" count="4" type="stmt"/>
      </file>
      <file name="useOnlineStatus.js" path="E:\Web Devlopment\1. Front End Development\Framework\1. React\Assignment 04\src\Utils\useOnlineStatus.js">
        <metrics statements="8" coveredstatements="6" conditionals="0" coveredconditionals="0" methods="4" coveredmethods="2"/>
        <line num="3" count="4" type="stmt"/>
        <line num="4" count="21" type="stmt"/>
        <line num="5" count="21" type="stmt"/>
        <line num="6" count="6" type="stmt"/>
        <line num="7" count="0" type="stmt"/>
        <line num="10" count="6" type="stmt"/>
        <line num="11" count="0" type="stmt"/>
        <line num="15" count="21" type="stmt"/>
      </file>
      <file name="useRestaurantMenu.js" path="E:\Web Devlopment\1. Front End Development\Framework\1. React\Assignment 04\src\Utils\useRestaurantMenu.js">
        <metrics statements="9" coveredstatements="9" conditionals="0" coveredconditionals="0" methods="3" coveredmethods="3"/>
        <line num="4" count="1" type="stmt"/>
        <line num="5" count="11" type="stmt"/>
        <line num="7" count="11" type="stmt"/>
        <line num="8" count="4" type="stmt"/>
        <line num="11" count="11" type="stmt"/>
        <line num="12" count="4" type="stmt"/>
        <line num="13" count="4" type="stmt"/>
        <line num="15" count="4" type="stmt"/>
        <line num="18" count="11" type="stmt"/>
      </file>
      <file name="userContext.js" path="E:\Web Devlopment\1. Front End Development\Framework\1. React\Assignment 04\src\Utils\userContext.js">
        <metrics statements="1" coveredstatements="1" conditionals="0" coveredconditionals="0" methods="0" coveredmethods="0"/>
        <line num="3" count="4" type="stmt"/>
      </file>
    </package>
  </project>
</coverage>
