{"E:\\Web Devlopment\\1. Front End Development\\Framework\\1. React\\Assignment 04\\src\\Components\\Body.jsx": {"path":"E:\\Web Devlopment\\1. Front End Development\\Framework\\1. React\\Assignment 04\\src\\Components\\Body.jsx","statementMap":{"0":{"start":{"line":8,"column":13},"end":{"line":126,"column":1}},"1":{"start":{"line":9,"column":52},"end":{"line":9,"column":64}},"2":{"start":{"line":10,"column":38},"end":{"line":10,"column":50}},"3":{"start":{"line":11,"column":54},"end":{"line":11,"column":66}},"4":{"start":{"line":12,"column":32},"end":{"line":12,"column":47}},"5":{"start":{"line":14,"column":33},"end":{"line":14,"column":66}},"6":{"start":{"line":15,"column":20},"end":{"line":29,"column":3}},"7":{"start":{"line":16,"column":4},"end":{"line":16,"column":21}},"8":{"start":{"line":17,"column":17},"end":{"line":19,"column":5}},"9":{"start":{"line":20,"column":17},"end":{"line":20,"column":34}},"10":{"start":{"line":23,"column":6},"end":{"line":24,"column":21}},"11":{"start":{"line":26,"column":4},"end":{"line":26,"column":41}},"12":{"start":{"line":27,"column":4},"end":{"line":27,"column":42}},"13":{"start":{"line":28,"column":4},"end":{"line":28,"column":22}},"14":{"start":{"line":31,"column":2},"end":{"line":33,"column":9}},"15":{"start":{"line":32,"column":4},"end":{"line":32,"column":16}},"16":{"start":{"line":35,"column":23},"end":{"line":46,"column":3}},"17":{"start":{"line":37,"column":24},"end":{"line":37,"column":75}},"18":{"start":{"line":38,"column":21},"end":{"line":44,"column":6}},"19":{"start":{"line":39,"column":19},"end":{"line":39,"column":46}},"20":{"start":{"line":40,"column":23},"end":{"line":40,"column":64}},"21":{"start":{"line":41,"column":6},"end":{"line":43,"column":8}},"22":{"start":{"line":42,"column":18},"end":{"line":42,"column":64}},"23":{"start":{"line":45,"column":4},"end":{"line":45,"column":36}},"24":{"start":{"line":48,"column":23},"end":{"line":48,"column":40}},"25":{"start":{"line":49,"column":2},"end":{"line":55,"column":3}},"26":{"start":{"line":50,"column":4},"end":{"line":54,"column":6}},"27":{"start":{"line":57,"column":40},"end":{"line":57,"column":63}},"28":{"start":{"line":59,"column":2},"end":{"line":125,"column":4}},"29":{"start":{"line":70,"column":29},"end":{"line":70,"column":58}},"30":{"start":{"line":72,"column":14},"end":{"line":74,"column":15}},"31":{"start":{"line":73,"column":16},"end":{"line":73,"column":31}},"32":{"start":{"line":88,"column":29},"end":{"line":90,"column":13}},"33":{"start":{"line":89,"column":23},"end":{"line":89,"column":48}},"34":{"start":{"line":91,"column":12},"end":{"line":91,"column":44}},"35":{"start":{"line":104,"column":29},"end":{"line":104,"column":56}},"36":{"start":{"line":111,"column":10},"end":{"line":121,"column":17}}},"fnMap":{"0":{"name":"(anonymous_0)","decl":{"start":{"line":8,"column":13},"end":{"line":8,"column":14}},"loc":{"start":{"line":8,"column":19},"end":{"line":126,"column":1}},"line":8},"1":{"name":"(anonymous_1)","decl":{"start":{"line":15,"column":20},"end":{"line":15,"column":21}},"loc":{"start":{"line":15,"column":32},"end":{"line":29,"column":3}},"line":15},"2":{"name":"(anonymous_2)","decl":{"start":{"line":31,"column":12},"end":{"line":31,"column":13}},"loc":{"start":{"line":31,"column":18},"end":{"line":33,"column":3}},"line":31},"3":{"name":"(anonymous_3)","decl":{"start":{"line":35,"column":23},"end":{"line":35,"column":24}},"loc":{"start":{"line":35,"column":29},"end":{"line":46,"column":3}},"line":35},"4":{"name":"(anonymous_4)","decl":{"start":{"line":38,"column":46},"end":{"line":38,"column":47}},"loc":{"start":{"line":38,"column":55},"end":{"line":44,"column":5}},"line":38},"5":{"name":"(anonymous_5)","decl":{"start":{"line":42,"column":8},"end":{"line":42,"column":9}},"loc":{"start":{"line":42,"column":18},"end":{"line":42,"column":64}},"line":42},"6":{"name":"(anonymous_6)","decl":{"start":{"line":70,"column":22},"end":{"line":70,"column":23}},"loc":{"start":{"line":70,"column":29},"end":{"line":70,"column":58}},"line":70},"7":{"name":"(anonymous_7)","decl":{"start":{"line":71,"column":23},"end":{"line":71,"column":24}},"loc":{"start":{"line":71,"column":30},"end":{"line":75,"column":13}},"line":71},"8":{"name":"(anonymous_8)","decl":{"start":{"line":87,"column":19},"end":{"line":87,"column":20}},"loc":{"start":{"line":87,"column":25},"end":{"line":92,"column":11}},"line":87},"9":{"name":"(anonymous_9)","decl":{"start":{"line":89,"column":14},"end":{"line":89,"column":15}},"loc":{"start":{"line":89,"column":23},"end":{"line":89,"column":48}},"line":89},"10":{"name":"(anonymous_10)","decl":{"start":{"line":104,"column":22},"end":{"line":104,"column":23}},"loc":{"start":{"line":104,"column":29},"end":{"line":104,"column":56}},"line":104},"11":{"name":"(anonymous_11)","decl":{"start":{"line":110,"column":32},"end":{"line":110,"column":33}},"loc":{"start":{"line":111,"column":10},"end":{"line":121,"column":17}},"line":111}},"branchMap":{"0":{"loc":{"start":{"line":42,"column":18},"end":{"line":42,"column":64}},"type":"binary-expr","locations":[{"start":{"line":42,"column":18},"end":{"line":42,"column":37}},{"start":{"line":42,"column":41},"end":{"line":42,"column":64}}],"line":42},"1":{"loc":{"start":{"line":49,"column":2},"end":{"line":55,"column":3}},"type":"if","locations":[{"start":{"line":49,"column":2},"end":{"line":55,"column":3}},{"start":{},"end":{}}],"line":49},"2":{"loc":{"start":{"line":59,"column":9},"end":{"line":125,"column":3}},"type":"cond-expr","locations":[{"start":{"line":60,"column":4},"end":{"line":60,"column":15}},{"start":{"line":62,"column":4},"end":{"line":124,"column":10}}],"line":59},"3":{"loc":{"start":{"line":72,"column":14},"end":{"line":74,"column":15}},"type":"if","locations":[{"start":{"line":72,"column":14},"end":{"line":74,"column":15}},{"start":{},"end":{}}],"line":72},"4":{"loc":{"start":{"line":116,"column":13},"end":{"line":120,"column":13}},"type":"cond-expr","locations":[{"start":{"line":117,"column":14},"end":{"line":117,"column":61}},{"start":{"line":119,"column":14},"end":{"line":119,"column":53}}],"line":116}},"s":{"0":2,"1":20,"2":20,"3":20,"4":20,"5":20,"6":20,"7":5,"8":5,"9":5,"10":5,"11":5,"12":5,"13":5,"14":20,"15":5,"16":20,"17":2,"18":2,"19":40,"20":40,"21":40,"22":40,"23":2,"24":20,"25":20,"26":3,"27":17,"28":17,"29":2,"30":1,"31":1,"32":1,"33":20,"34":1,"35":1,"36":138},"f":{"0":20,"1":5,"2":5,"3":2,"4":40,"5":40,"6":2,"7":1,"8":1,"9":20,"10":1,"11":138},"b":{"0":[40,32],"1":[3,17],"2":[8,9],"3":[1,0],"4":[126,12]},"_coverageSchema":"1a1c01bbd47fc00a2c39e90264f33305004495a9","hash":"606014b5446fa375dcca06ed4b3f818e1fdd544c"}
,"E:\\Web Devlopment\\1. Front End Development\\Framework\\1. React\\Assignment 04\\src\\Components\\Contact.jsx": {"path":"E:\\Web Devlopment\\1. Front End Development\\Framework\\1. React\\Assignment 04\\src\\Components\\Contact.jsx","statementMap":{"0":{"start":{"line":1,"column":16},"end":{"line":56,"column":1}},"1":{"start":{"line":2,"column":2},"end":{"line":55,"column":4}}},"fnMap":{"0":{"name":"(anonymous_0)","decl":{"start":{"line":1,"column":16},"end":{"line":1,"column":17}},"loc":{"start":{"line":1,"column":22},"end":{"line":56,"column":1}},"line":1}},"branchMap":{},"s":{"0":1,"1":4},"f":{"0":4},"b":{},"_coverageSchema":"1a1c01bbd47fc00a2c39e90264f33305004495a9","hash":"692098251cab9c3be7c87a5e02af400301bdad2b"}
,"E:\\Web Devlopment\\1. Front End Development\\Framework\\1. React\\Assignment 04\\src\\Components\\Header.jsx": {"path":"E:\\Web Devlopment\\1. Front End Development\\Framework\\1. React\\Assignment 04\\src\\Components\\Header.jsx","statementMap":{"0":{"start":{"line":9,"column":15},"end":{"line":165,"column":1}},"1":{"start":{"line":10,"column":32},"end":{"line":10,"column":49}},"2":{"start":{"line":11,"column":38},"end":{"line":11,"column":53}},"3":{"start":{"line":13,"column":23},"end":{"line":13,"column":40}},"4":{"start":{"line":14,"column":27},"end":{"line":14,"column":50}},"5":{"start":{"line":15,"column":20},"end":{"line":15,"column":60}},"6":{"start":{"line":15,"column":43},"end":{"line":15,"column":59}},"7":{"start":{"line":18,"column":2},"end":{"line":21,"column":19}},"8":{"start":{"line":19,"column":4},"end":{"line":19,"column":62}},"9":{"start":{"line":20,"column":4},"end":{"line":20,"column":53}},"10":{"start":{"line":20,"column":18},"end":{"line":20,"column":51}},"11":{"start":{"line":23,"column":16},"end":{"line":28,"column":3}},"12":{"start":{"line":30,"column":2},"end":{"line":164,"column":4}},"13":{"start":{"line":35,"column":25},"end":{"line":35,"column":45}},"14":{"start":{"line":55,"column":14},"end":{"line":57,"column":19}},"15":{"start":{"line":72,"column":18},"end":{"line":72,"column":73}},"16":{"start":{"line":72,"column":37},"end":{"line":72,"column":71}},"17":{"start":{"line":86,"column":27},"end":{"line":86,"column":51}},"18":{"start":{"line":86,"column":48},"end":{"line":86,"column":50}},"19":{"start":{"line":127,"column":14},"end":{"line":135,"column":19}},"20":{"start":{"line":130,"column":33},"end":{"line":130,"column":53}},"21":{"start":{"line":141,"column":31},"end":{"line":141,"column":51}},"22":{"start":{"line":153,"column":16},"end":{"line":153,"column":72}},"23":{"start":{"line":153,"column":35},"end":{"line":153,"column":69}},"24":{"start":{"line":154,"column":16},"end":{"line":154,"column":37}}},"fnMap":{"0":{"name":"(anonymous_0)","decl":{"start":{"line":9,"column":15},"end":{"line":9,"column":16}},"loc":{"start":{"line":9,"column":21},"end":{"line":165,"column":1}},"line":9},"1":{"name":"(anonymous_1)","decl":{"start":{"line":15,"column":32},"end":{"line":15,"column":33}},"loc":{"start":{"line":15,"column":43},"end":{"line":15,"column":59}},"line":15},"2":{"name":"(anonymous_2)","decl":{"start":{"line":18,"column":12},"end":{"line":18,"column":13}},"loc":{"start":{"line":18,"column":18},"end":{"line":21,"column":3}},"line":18},"3":{"name":"(anonymous_3)","decl":{"start":{"line":20,"column":11},"end":{"line":20,"column":12}},"loc":{"start":{"line":20,"column":18},"end":{"line":20,"column":51}},"line":20},"4":{"name":"(anonymous_4)","decl":{"start":{"line":35,"column":19},"end":{"line":35,"column":20}},"loc":{"start":{"line":35,"column":25},"end":{"line":35,"column":45}},"line":35},"5":{"name":"(anonymous_5)","decl":{"start":{"line":54,"column":23},"end":{"line":54,"column":24}},"loc":{"start":{"line":55,"column":14},"end":{"line":57,"column":19}},"line":55},"6":{"name":"(anonymous_6)","decl":{"start":{"line":71,"column":25},"end":{"line":71,"column":26}},"loc":{"start":{"line":72,"column":18},"end":{"line":72,"column":73}},"line":72},"7":{"name":"(anonymous_7)","decl":{"start":{"line":72,"column":29},"end":{"line":72,"column":30}},"loc":{"start":{"line":72,"column":37},"end":{"line":72,"column":71}},"line":72},"8":{"name":"(anonymous_8)","decl":{"start":{"line":86,"column":21},"end":{"line":86,"column":22}},"loc":{"start":{"line":86,"column":27},"end":{"line":86,"column":51}},"line":86},"9":{"name":"(anonymous_9)","decl":{"start":{"line":86,"column":41},"end":{"line":86,"column":42}},"loc":{"start":{"line":86,"column":48},"end":{"line":86,"column":50}},"line":86},"10":{"name":"(anonymous_10)","decl":{"start":{"line":126,"column":23},"end":{"line":126,"column":24}},"loc":{"start":{"line":127,"column":14},"end":{"line":135,"column":19}},"line":127},"11":{"name":"(anonymous_11)","decl":{"start":{"line":130,"column":27},"end":{"line":130,"column":28}},"loc":{"start":{"line":130,"column":33},"end":{"line":130,"column":53}},"line":130},"12":{"name":"(anonymous_12)","decl":{"start":{"line":141,"column":25},"end":{"line":141,"column":26}},"loc":{"start":{"line":141,"column":31},"end":{"line":141,"column":51}},"line":141},"13":{"name":"(anonymous_13)","decl":{"start":{"line":152,"column":23},"end":{"line":152,"column":24}},"loc":{"start":{"line":152,"column":29},"end":{"line":155,"column":15}},"line":152},"14":{"name":"(anonymous_14)","decl":{"start":{"line":153,"column":27},"end":{"line":153,"column":28}},"loc":{"start":{"line":153,"column":35},"end":{"line":153,"column":69}},"line":153}},"branchMap":{"0":{"loc":{"start":{"line":19,"column":35},"end":{"line":19,"column":61}},"type":"cond-expr","locations":[{"start":{"line":19,"column":48},"end":{"line":19,"column":56}},{"start":{"line":19,"column":59},"end":{"line":19,"column":61}}],"line":19},"1":{"loc":{"start":{"line":52,"column":30},"end":{"line":52,"column":56}},"type":"cond-expr","locations":[{"start":{"line":52,"column":45},"end":{"line":52,"column":49}},{"start":{"line":52,"column":52},"end":{"line":52,"column":56}}],"line":52},"2":{"loc":{"start":{"line":72,"column":37},"end":{"line":72,"column":71}},"type":"cond-expr","locations":[{"start":{"line":72,"column":53},"end":{"line":72,"column":61}},{"start":{"line":72,"column":64},"end":{"line":72,"column":71}}],"line":72},"3":{"loc":{"start":{"line":95,"column":15},"end":{"line":109,"column":15}},"type":"cond-expr","locations":[{"start":{"line":96,"column":16},"end":{"line":101,"column":18}},{"start":{"line":103,"column":16},"end":{"line":108,"column":18}}],"line":95},"4":{"loc":{"start":{"line":118,"column":10},"end":{"line":120,"column":43}},"type":"cond-expr","locations":[{"start":{"line":119,"column":14},"end":{"line":119,"column":53}},{"start":{"line":120,"column":14},"end":{"line":120,"column":43}}],"line":118},"5":{"loc":{"start":{"line":125,"column":32},"end":{"line":125,"column":58}},"type":"cond-expr","locations":[{"start":{"line":125,"column":47},"end":{"line":125,"column":51}},{"start":{"line":125,"column":54},"end":{"line":125,"column":58}}],"line":125},"6":{"loc":{"start":{"line":153,"column":35},"end":{"line":153,"column":69}},"type":"cond-expr","locations":[{"start":{"line":153,"column":51},"end":{"line":153,"column":59}},{"start":{"line":153,"column":62},"end":{"line":153,"column":69}}],"line":153}},"s":{"0":1,"1":5,"2":5,"3":5,"4":5,"5":5,"6":10,"7":5,"8":5,"9":5,"10":5,"11":5,"12":5,"13":0,"14":20,"15":0,"16":0,"17":0,"18":0,"19":20,"20":0,"21":0,"22":0,"23":0,"24":0},"f":{"0":5,"1":10,"2":5,"3":5,"4":0,"5":20,"6":0,"7":0,"8":0,"9":0,"10":20,"11":0,"12":0,"13":0,"14":0},"b":{"0":[0,5],"1":[1,4],"2":[0,0],"3":[0,5],"4":[0,5],"5":[1,4],"6":[0,0]},"_coverageSchema":"1a1c01bbd47fc00a2c39e90264f33305004495a9","hash":"9b4eb69665bdda35d247801fbfd7e6956c420595"}
,"E:\\Web Devlopment\\1. Front End Development\\Framework\\1. React\\Assignment 04\\src\\Components\\RestaurantCard.jsx": {"path":"E:\\Web Devlopment\\1. Front End Development\\Framework\\1. React\\Assignment 04\\src\\Components\\RestaurantCard.jsx","statementMap":{"0":{"start":{"line":5,"column":23},"end":{"line":39,"column":1}},"1":{"start":{"line":6,"column":22},"end":{"line":6,"column":27}},"2":{"start":{"line":8,"column":4},"end":{"line":8,"column":17}},"3":{"start":{"line":10,"column":2},"end":{"line":38,"column":4}},"4":{"start":{"line":41,"column":33},"end":{"line":68,"column":1}},"5":{"start":{"line":42,"column":2},"end":{"line":67,"column":4}},"6":{"start":{"line":43,"column":4},"end":{"line":66,"column":6}}},"fnMap":{"0":{"name":"(anonymous_0)","decl":{"start":{"line":5,"column":23},"end":{"line":5,"column":24}},"loc":{"start":{"line":5,"column":34},"end":{"line":39,"column":1}},"line":5},"1":{"name":"(anonymous_1)","decl":{"start":{"line":41,"column":33},"end":{"line":41,"column":34}},"loc":{"start":{"line":41,"column":53},"end":{"line":68,"column":1}},"line":41},"2":{"name":"(anonymous_2)","decl":{"start":{"line":42,"column":9},"end":{"line":42,"column":10}},"loc":{"start":{"line":42,"column":20},"end":{"line":67,"column":3}},"line":42}},"branchMap":{},"s":{"0":3,"1":140,"2":140,"3":140,"4":3,"5":21,"6":127},"f":{"0":140,"1":21,"2":127},"b":{},"_coverageSchema":"1a1c01bbd47fc00a2c39e90264f33305004495a9","hash":"2840f30aea0e815296cdaf9bcc47e3ee68f4704d"}
,"E:\\Web Devlopment\\1. Front End Development\\Framework\\1. React\\Assignment 04\\src\\Components\\Shimmer.jsx": {"path":"E:\\Web Devlopment\\1. Front End Development\\Framework\\1. React\\Assignment 04\\src\\Components\\Shimmer.jsx","statementMap":{"0":{"start":{"line":1,"column":20},"end":{"line":10,"column":1}},"1":{"start":{"line":2,"column":2},"end":{"line":9,"column":8}},"2":{"start":{"line":12,"column":16},"end":{"line":20,"column":1}},"3":{"start":{"line":13,"column":2},"end":{"line":19,"column":4}},"4":{"start":{"line":16,"column":8},"end":{"line":16,"column":31}}},"fnMap":{"0":{"name":"(anonymous_0)","decl":{"start":{"line":1,"column":20},"end":{"line":1,"column":21}},"loc":{"start":{"line":2,"column":2},"end":{"line":9,"column":8}},"line":2},"1":{"name":"(anonymous_1)","decl":{"start":{"line":12,"column":16},"end":{"line":12,"column":17}},"loc":{"start":{"line":12,"column":22},"end":{"line":20,"column":1}},"line":12},"2":{"name":"(anonymous_2)","decl":{"start":{"line":15,"column":33},"end":{"line":15,"column":34}},"loc":{"start":{"line":16,"column":8},"end":{"line":16,"column":31}},"line":16}},"branchMap":{},"s":{"0":2,"1":64,"2":2,"3":8,"4":64},"f":{"0":64,"1":8,"2":64},"b":{},"_coverageSchema":"1a1c01bbd47fc00a2c39e90264f33305004495a9","hash":"5a881c271367705401283eba901b6b0ebf2eb0f1"}
,"E:\\Web Devlopment\\1. Front End Development\\Framework\\1. React\\Assignment 04\\src\\Components\\sum.js": {"path":"E:\\Web Devlopment\\1. Front End Development\\Framework\\1. React\\Assignment 04\\src\\Components\\sum.js","statementMap":{"0":{"start":{"line":1,"column":19},"end":{"line":3,"column":1}},"1":{"start":{"line":2,"column":2},"end":{"line":2,"column":15}}},"fnMap":{"0":{"name":"(anonymous_0)","decl":{"start":{"line":1,"column":19},"end":{"line":1,"column":20}},"loc":{"start":{"line":1,"column":29},"end":{"line":3,"column":1}},"line":1}},"branchMap":{},"s":{"0":1,"1":1},"f":{"0":1},"b":{},"_coverageSchema":"1a1c01bbd47fc00a2c39e90264f33305004495a9","hash":"8dd81cfc96886e884863dcf45802d58b199075a7"}
,"E:\\Web Devlopment\\1. Front End Development\\Framework\\1. React\\Assignment 04\\src\\Utils\\appStore.js": {"path":"E:\\Web Devlopment\\1. Front End Development\\Framework\\1. React\\Assignment 04\\src\\Utils\\appStore.js","statementMap":{"0":{"start":{"line":4,"column":17},"end":{"line":8,"column":2}}},"fnMap":{},"branchMap":{},"s":{"0":1},"f":{},"b":{},"_coverageSchema":"1a1c01bbd47fc00a2c39e90264f33305004495a9","hash":"1268338d971c33f4a0eeb560a49da16d3ea59027"}
,"E:\\Web Devlopment\\1. Front End Development\\Framework\\1. React\\Assignment 04\\src\\Utils\\cartSlice.js": {"path":"E:\\Web Devlopment\\1. Front End Development\\Framework\\1. React\\Assignment 04\\src\\Utils\\cartSlice.js","statementMap":{"0":{"start":{"line":3,"column":18},"end":{"line":19,"column":2}},"1":{"start":{"line":10,"column":6},"end":{"line":10,"column":39}},"2":{"start":{"line":13,"column":6},"end":{"line":13,"column":24}},"3":{"start":{"line":16,"column":6},"end":{"line":16,"column":29}},"4":{"start":{"line":21,"column":52},"end":{"line":21,"column":69}}},"fnMap":{"0":{"name":"(anonymous_0)","decl":{"start":{"line":9,"column":14},"end":{"line":9,"column":15}},"loc":{"start":{"line":9,"column":33},"end":{"line":11,"column":5}},"line":9},"1":{"name":"(anonymous_1)","decl":{"start":{"line":12,"column":17},"end":{"line":12,"column":18}},"loc":{"start":{"line":12,"column":28},"end":{"line":14,"column":5}},"line":12},"2":{"name":"(anonymous_2)","decl":{"start":{"line":15,"column":15},"end":{"line":15,"column":16}},"loc":{"start":{"line":15,"column":26},"end":{"line":17,"column":5}},"line":15}},"branchMap":{},"s":{"0":1,"1":0,"2":0,"3":0,"4":1},"f":{"0":0,"1":0,"2":0},"b":{},"_coverageSchema":"1a1c01bbd47fc00a2c39e90264f33305004495a9","hash":"1bf4f796202bca68adf112f8afbbdf8e9699d12f"}
,"E:\\Web Devlopment\\1. Front End Development\\Framework\\1. React\\Assignment 04\\src\\Utils\\constants.js": {"path":"E:\\Web Devlopment\\1. Front End Development\\Framework\\1. React\\Assignment 04\\src\\Utils\\constants.js","statementMap":{"0":{"start":{"line":2,"column":2},"end":{"line":2,"column":93}},"1":{"start":{"line":5,"column":2},"end":{"line":5,"column":85}},"2":{"start":{"line":8,"column":2},"end":{"line":8,"column":121}},"3":{"start":{"line":11,"column":2},"end":{"line":11,"column":97}}},"fnMap":{},"branchMap":{},"s":{"0":3,"1":3,"2":3,"3":3},"f":{},"b":{},"_coverageSchema":"1a1c01bbd47fc00a2c39e90264f33305004495a9","hash":"26ade52235bd5a616462b37e828e43b5774aab08"}
,"E:\\Web Devlopment\\1. Front End Development\\Framework\\1. React\\Assignment 04\\src\\Utils\\useOnlineStatus.js": {"path":"E:\\Web Devlopment\\1. Front End Development\\Framework\\1. React\\Assignment 04\\src\\Utils\\useOnlineStatus.js","statementMap":{"0":{"start":{"line":3,"column":24},"end":{"line":16,"column":1}},"1":{"start":{"line":4,"column":42},"end":{"line":4,"column":56}},"2":{"start":{"line":5,"column":2},"end":{"line":13,"column":9}},"3":{"start":{"line":6,"column":4},"end":{"line":8,"column":7}},"4":{"start":{"line":7,"column":6},"end":{"line":7,"column":29}},"5":{"start":{"line":10,"column":4},"end":{"line":12,"column":7}},"6":{"start":{"line":11,"column":6},"end":{"line":11,"column":28}},"7":{"start":{"line":15,"column":2},"end":{"line":15,"column":22}}},"fnMap":{"0":{"name":"(anonymous_0)","decl":{"start":{"line":3,"column":24},"end":{"line":3,"column":25}},"loc":{"start":{"line":3,"column":30},"end":{"line":16,"column":1}},"line":3},"1":{"name":"(anonymous_1)","decl":{"start":{"line":5,"column":12},"end":{"line":5,"column":13}},"loc":{"start":{"line":5,"column":18},"end":{"line":13,"column":3}},"line":5},"2":{"name":"(anonymous_2)","decl":{"start":{"line":6,"column":39},"end":{"line":6,"column":40}},"loc":{"start":{"line":6,"column":45},"end":{"line":8,"column":5}},"line":6},"3":{"name":"(anonymous_3)","decl":{"start":{"line":10,"column":38},"end":{"line":10,"column":39}},"loc":{"start":{"line":10,"column":44},"end":{"line":12,"column":5}},"line":10}},"branchMap":{},"s":{"0":3,"1":17,"2":17,"3":4,"4":0,"5":4,"6":0,"7":17},"f":{"0":17,"1":4,"2":0,"3":0},"b":{},"_coverageSchema":"1a1c01bbd47fc00a2c39e90264f33305004495a9","hash":"d948f96a4bfe863143268044553d788964601402"}
,"E:\\Web Devlopment\\1. Front End Development\\Framework\\1. React\\Assignment 04\\src\\Utils\\userContext.js": {"path":"E:\\Web Devlopment\\1. Front End Development\\Framework\\1. React\\Assignment 04\\src\\Utils\\userContext.js","statementMap":{"0":{"start":{"line":3,"column":20},"end":{"line":5,"column":2}}},"fnMap":{},"branchMap":{},"s":{"0":3},"f":{},"b":{},"_coverageSchema":"1a1c01bbd47fc00a2c39e90264f33305004495a9","hash":"2a3fa8ca6b21ec65a4e168f393b2a003d5565784"}
}
