{"E:\\Web Devlopment\\1. Front End Development\\Framework\\1. React\\Assignment 04\\src\\Components\\Body.jsx": {"path":"E:\\Web Devlopment\\1. Front End Development\\Framework\\1. React\\Assignment 04\\src\\Components\\Body.jsx","statementMap":{"0":{"start":{"line":8,"column":13},"end":{"line":116,"column":1}},"1":{"start":{"line":9,"column":52},"end":{"line":9,"column":64}},"2":{"start":{"line":10,"column":38},"end":{"line":10,"column":50}},"3":{"start":{"line":11,"column":54},"end":{"line":11,"column":66}},"4":{"start":{"line":12,"column":32},"end":{"line":12,"column":47}},"5":{"start":{"line":14,"column":33},"end":{"line":14,"column":66}},"6":{"start":{"line":15,"column":20},"end":{"line":29,"column":3}},"7":{"start":{"line":16,"column":4},"end":{"line":16,"column":21}},"8":{"start":{"line":17,"column":17},"end":{"line":19,"column":5}},"9":{"start":{"line":20,"column":17},"end":{"line":20,"column":34}},"10":{"start":{"line":23,"column":6},"end":{"line":24,"column":21}},"11":{"start":{"line":26,"column":4},"end":{"line":26,"column":41}},"12":{"start":{"line":27,"column":4},"end":{"line":27,"column":42}},"13":{"start":{"line":28,"column":4},"end":{"line":28,"column":22}},"14":{"start":{"line":31,"column":2},"end":{"line":33,"column":9}},"15":{"start":{"line":32,"column":4},"end":{"line":32,"column":16}},"16":{"start":{"line":35,"column":23},"end":{"line":46,"column":3}},"17":{"start":{"line":37,"column":24},"end":{"line":37,"column":75}},"18":{"start":{"line":38,"column":21},"end":{"line":44,"column":6}},"19":{"start":{"line":39,"column":19},"end":{"line":39,"column":46}},"20":{"start":{"line":40,"column":23},"end":{"line":40,"column":64}},"21":{"start":{"line":41,"column":6},"end":{"line":43,"column":8}},"22":{"start":{"line":42,"column":18},"end":{"line":42,"column":64}},"23":{"start":{"line":45,"column":4},"end":{"line":45,"column":36}},"24":{"start":{"line":48,"column":23},"end":{"line":48,"column":40}},"25":{"start":{"line":49,"column":2},"end":{"line":51,"column":3}},"26":{"start":{"line":50,"column":4},"end":{"line":50,"column":75}},"27":{"start":{"line":53,"column":40},"end":{"line":53,"column":63}},"28":{"start":{"line":55,"column":2},"end":{"line":115,"column":4}},"29":{"start":{"line":66,"column":29},"end":{"line":66,"column":58}},"30":{"start":{"line":68,"column":14},"end":{"line":70,"column":15}},"31":{"start":{"line":69,"column":16},"end":{"line":69,"column":31}},"32":{"start":{"line":81,"column":29},"end":{"line":83,"column":13}},"33":{"start":{"line":82,"column":23},"end":{"line":82,"column":48}},"34":{"start":{"line":84,"column":12},"end":{"line":84,"column":44}},"35":{"start":{"line":95,"column":29},"end":{"line":95,"column":56}},"36":{"start":{"line":102,"column":10},"end":{"line":111,"column":17}}},"fnMap":{"0":{"name":"(anonymous_0)","decl":{"start":{"line":8,"column":13},"end":{"line":8,"column":14}},"loc":{"start":{"line":8,"column":19},"end":{"line":116,"column":1}},"line":8},"1":{"name":"(anonymous_1)","decl":{"start":{"line":15,"column":20},"end":{"line":15,"column":21}},"loc":{"start":{"line":15,"column":32},"end":{"line":29,"column":3}},"line":15},"2":{"name":"(anonymous_2)","decl":{"start":{"line":31,"column":12},"end":{"line":31,"column":13}},"loc":{"start":{"line":31,"column":18},"end":{"line":33,"column":3}},"line":31},"3":{"name":"(anonymous_3)","decl":{"start":{"line":35,"column":23},"end":{"line":35,"column":24}},"loc":{"start":{"line":35,"column":29},"end":{"line":46,"column":3}},"line":35},"4":{"name":"(anonymous_4)","decl":{"start":{"line":38,"column":46},"end":{"line":38,"column":47}},"loc":{"start":{"line":38,"column":55},"end":{"line":44,"column":5}},"line":38},"5":{"name":"(anonymous_5)","decl":{"start":{"line":42,"column":8},"end":{"line":42,"column":9}},"loc":{"start":{"line":42,"column":18},"end":{"line":42,"column":64}},"line":42},"6":{"name":"(anonymous_6)","decl":{"start":{"line":66,"column":22},"end":{"line":66,"column":23}},"loc":{"start":{"line":66,"column":29},"end":{"line":66,"column":58}},"line":66},"7":{"name":"(anonymous_7)","decl":{"start":{"line":67,"column":23},"end":{"line":67,"column":24}},"loc":{"start":{"line":67,"column":30},"end":{"line":71,"column":13}},"line":67},"8":{"name":"(anonymous_8)","decl":{"start":{"line":80,"column":19},"end":{"line":80,"column":20}},"loc":{"start":{"line":80,"column":25},"end":{"line":85,"column":11}},"line":80},"9":{"name":"(anonymous_9)","decl":{"start":{"line":82,"column":14},"end":{"line":82,"column":15}},"loc":{"start":{"line":82,"column":23},"end":{"line":82,"column":48}},"line":82},"10":{"name":"(anonymous_10)","decl":{"start":{"line":95,"column":22},"end":{"line":95,"column":23}},"loc":{"start":{"line":95,"column":29},"end":{"line":95,"column":56}},"line":95},"11":{"name":"(anonymous_11)","decl":{"start":{"line":101,"column":32},"end":{"line":101,"column":33}},"loc":{"start":{"line":102,"column":10},"end":{"line":111,"column":17}},"line":102}},"branchMap":{"0":{"loc":{"start":{"line":42,"column":18},"end":{"line":42,"column":64}},"type":"binary-expr","locations":[{"start":{"line":42,"column":18},"end":{"line":42,"column":37}},{"start":{"line":42,"column":41},"end":{"line":42,"column":64}}],"line":42},"1":{"loc":{"start":{"line":49,"column":2},"end":{"line":51,"column":3}},"type":"if","locations":[{"start":{"line":49,"column":2},"end":{"line":51,"column":3}},{"start":{},"end":{}}],"line":49},"2":{"loc":{"start":{"line":55,"column":9},"end":{"line":115,"column":3}},"type":"cond-expr","locations":[{"start":{"line":56,"column":4},"end":{"line":56,"column":15}},{"start":{"line":58,"column":4},"end":{"line":114,"column":10}}],"line":55},"3":{"loc":{"start":{"line":68,"column":14},"end":{"line":70,"column":15}},"type":"if","locations":[{"start":{"line":68,"column":14},"end":{"line":70,"column":15}},{"start":{},"end":{}}],"line":68},"4":{"loc":{"start":{"line":106,"column":13},"end":{"line":110,"column":13}},"type":"cond-expr","locations":[{"start":{"line":107,"column":14},"end":{"line":107,"column":61}},{"start":{"line":109,"column":14},"end":{"line":109,"column":53}}],"line":106}},"s":{"0":2,"1":20,"2":20,"3":20,"4":20,"5":20,"6":20,"7":5,"8":5,"9":5,"10":5,"11":5,"12":5,"13":5,"14":20,"15":5,"16":20,"17":2,"18":2,"19":40,"20":40,"21":40,"22":40,"23":2,"24":20,"25":20,"26":3,"27":17,"28":17,"29":2,"30":1,"31":1,"32":1,"33":20,"34":1,"35":1,"36":138},"f":{"0":20,"1":5,"2":5,"3":2,"4":40,"5":40,"6":2,"7":1,"8":1,"9":20,"10":1,"11":138},"b":{"0":[40,32],"1":[3,17],"2":[8,9],"3":[1,0],"4":[126,12]},"_coverageSchema":"1a1c01bbd47fc00a2c39e90264f33305004495a9","hash":"95d3372ad92ad3e10df2d8baeff4f658ea3b5a17"}
,"E:\\Web Devlopment\\1. Front End Development\\Framework\\1. React\\Assignment 04\\src\\Components\\Cart.jsx": {"path":"E:\\Web Devlopment\\1. Front End Development\\Framework\\1. React\\Assignment 04\\src\\Components\\Cart.jsx","statementMap":{"0":{"start":{"line":5,"column":13},"end":{"line":36,"column":1}},"1":{"start":{"line":6,"column":20},"end":{"line":6,"column":60}},"2":{"start":{"line":6,"column":43},"end":{"line":6,"column":59}},"3":{"start":{"line":8,"column":19},"end":{"line":8,"column":32}},"4":{"start":{"line":9,"column":26},"end":{"line":11,"column":3}},"5":{"start":{"line":10,"column":4},"end":{"line":10,"column":26}},"6":{"start":{"line":13,"column":2},"end":{"line":35,"column":4}}},"fnMap":{"0":{"name":"(anonymous_0)","decl":{"start":{"line":5,"column":13},"end":{"line":5,"column":14}},"loc":{"start":{"line":5,"column":19},"end":{"line":36,"column":1}},"line":5},"1":{"name":"(anonymous_1)","decl":{"start":{"line":6,"column":32},"end":{"line":6,"column":33}},"loc":{"start":{"line":6,"column":43},"end":{"line":6,"column":59}},"line":6},"2":{"name":"(anonymous_2)","decl":{"start":{"line":9,"column":26},"end":{"line":9,"column":27}},"loc":{"start":{"line":9,"column":32},"end":{"line":11,"column":3}},"line":9}},"branchMap":{"0":{"loc":{"start":{"line":18,"column":11},"end":{"line":22,"column":18}},"type":"cond-expr","locations":[{"start":{"line":19,"column":12},"end":{"line":21,"column":21}},{"start":{"line":22,"column":14},"end":{"line":22,"column":18}}],"line":18},"1":{"loc":{"start":{"line":27,"column":11},"end":{"line":31,"column":11}},"type":"cond-expr","locations":[{"start":{"line":28,"column":12},"end":{"line":28,"column":42}},{"start":{"line":30,"column":12},"end":{"line":30,"column":65}}],"line":27}},"s":{"0":1,"1":3,"2":6,"3":3,"4":3,"5":1,"6":3},"f":{"0":3,"1":6,"2":1},"b":{"0":[2,1],"1":[2,1]},"_coverageSchema":"1a1c01bbd47fc00a2c39e90264f33305004495a9","hash":"0db50c9292767c7d0fa9b2870bd2e1f86dc73209"}
,"E:\\Web Devlopment\\1. Front End Development\\Framework\\1. React\\Assignment 04\\src\\Components\\Contact.jsx": {"path":"E:\\Web Devlopment\\1. Front End Development\\Framework\\1. React\\Assignment 04\\src\\Components\\Contact.jsx","statementMap":{"0":{"start":{"line":1,"column":16},"end":{"line":56,"column":1}},"1":{"start":{"line":2,"column":2},"end":{"line":55,"column":4}}},"fnMap":{"0":{"name":"(anonymous_0)","decl":{"start":{"line":1,"column":16},"end":{"line":1,"column":17}},"loc":{"start":{"line":1,"column":22},"end":{"line":56,"column":1}},"line":1}},"branchMap":{},"s":{"0":1,"1":4},"f":{"0":4},"b":{},"_coverageSchema":"1a1c01bbd47fc00a2c39e90264f33305004495a9","hash":"692098251cab9c3be7c87a5e02af400301bdad2b"}
,"E:\\Web Devlopment\\1. Front End Development\\Framework\\1. React\\Assignment 04\\src\\Components\\Header.jsx": {"path":"E:\\Web Devlopment\\1. Front End Development\\Framework\\1. React\\Assignment 04\\src\\Components\\Header.jsx","statementMap":{"0":{"start":{"line":9,"column":15},"end":{"line":69,"column":1}},"1":{"start":{"line":10,"column":32},"end":{"line":10,"column":49}},"2":{"start":{"line":12,"column":23},"end":{"line":12,"column":40}},"3":{"start":{"line":14,"column":27},"end":{"line":14,"column":50}},"4":{"start":{"line":18,"column":20},"end":{"line":18,"column":60}},"5":{"start":{"line":18,"column":43},"end":{"line":18,"column":59}},"6":{"start":{"line":19,"column":2},"end":{"line":68,"column":4}},"7":{"start":{"line":57,"column":16},"end":{"line":59,"column":40}}},"fnMap":{"0":{"name":"(anonymous_0)","decl":{"start":{"line":9,"column":15},"end":{"line":9,"column":16}},"loc":{"start":{"line":9,"column":21},"end":{"line":69,"column":1}},"line":9},"1":{"name":"(anonymous_1)","decl":{"start":{"line":18,"column":32},"end":{"line":18,"column":33}},"loc":{"start":{"line":18,"column":43},"end":{"line":18,"column":59}},"line":18},"2":{"name":"(anonymous_2)","decl":{"start":{"line":56,"column":23},"end":{"line":56,"column":24}},"loc":{"start":{"line":56,"column":29},"end":{"line":60,"column":15}},"line":56}},"branchMap":{"0":{"loc":{"start":{"line":33,"column":30},"end":{"line":33,"column":56}},"type":"cond-expr","locations":[{"start":{"line":33,"column":45},"end":{"line":33,"column":49}},{"start":{"line":33,"column":52},"end":{"line":33,"column":56}}],"line":33},"1":{"loc":{"start":{"line":57,"column":16},"end":{"line":59,"column":39}},"type":"cond-expr","locations":[{"start":{"line":58,"column":20},"end":{"line":58,"column":40}},{"start":{"line":59,"column":20},"end":{"line":59,"column":39}}],"line":57}},"s":{"0":2,"1":11,"2":11,"3":11,"4":11,"5":20,"6":11,"7":2},"f":{"0":11,"1":20,"2":2},"b":{"0":[5,6],"1":[1,1]},"_coverageSchema":"1a1c01bbd47fc00a2c39e90264f33305004495a9","hash":"c17183a86103f4270c7db1265a33d520decb0d3f"}
,"E:\\Web Devlopment\\1. Front End Development\\Framework\\1. React\\Assignment 04\\src\\Components\\ItemList.jsx": {"path":"E:\\Web Devlopment\\1. Front End Development\\Framework\\1. React\\Assignment 04\\src\\Components\\ItemList.jsx","statementMap":{"0":{"start":{"line":6,"column":17},"end":{"line":45,"column":1}},"1":{"start":{"line":7,"column":19},"end":{"line":7,"column":32}},"2":{"start":{"line":9,"column":24},"end":{"line":12,"column":3}},"3":{"start":{"line":11,"column":4},"end":{"line":11,"column":29}},"4":{"start":{"line":14,"column":2},"end":{"line":44,"column":4}},"5":{"start":{"line":17,"column":8},"end":{"line":41,"column":14}},"6":{"start":{"line":36,"column":58},"end":{"line":36,"column":77}}},"fnMap":{"0":{"name":"(anonymous_0)","decl":{"start":{"line":6,"column":17},"end":{"line":6,"column":18}},"loc":{"start":{"line":6,"column":32},"end":{"line":45,"column":1}},"line":6},"1":{"name":"(anonymous_1)","decl":{"start":{"line":9,"column":24},"end":{"line":9,"column":25}},"loc":{"start":{"line":9,"column":34},"end":{"line":12,"column":3}},"line":9},"2":{"name":"(anonymous_2)","decl":{"start":{"line":16,"column":17},"end":{"line":16,"column":18}},"loc":{"start":{"line":17,"column":8},"end":{"line":41,"column":14}},"line":17},"3":{"name":"(anonymous_3)","decl":{"start":{"line":36,"column":52},"end":{"line":36,"column":53}},"loc":{"start":{"line":36,"column":58},"end":{"line":36,"column":77}},"line":36}},"branchMap":{"0":{"loc":{"start":{"line":24,"column":19},"end":{"line":25,"column":53}},"type":"binary-expr","locations":[{"start":{"line":24,"column":19},"end":{"line":24,"column":45}},{"start":{"line":25,"column":20},"end":{"line":25,"column":53}}],"line":24},"1":{"loc":{"start":{"line":31,"column":15},"end":{"line":35,"column":15}},"type":"cond-expr","locations":[{"start":{"line":32,"column":16},"end":{"line":32,"column":78}},{"start":{"line":34,"column":16},"end":{"line":34,"column":51}}],"line":31}},"s":{"0":1,"1":9,"2":9,"3":2,"4":9,"5":116,"6":2},"f":{"0":9,"1":2,"2":116,"3":2},"b":{"0":[116,60],"1":[112,4]},"_coverageSchema":"1a1c01bbd47fc00a2c39e90264f33305004495a9","hash":"8997b80146b4175047052b073a03eecc12057a5b"}
,"E:\\Web Devlopment\\1. Front End Development\\Framework\\1. React\\Assignment 04\\src\\Components\\RestaurantCard.jsx": {"path":"E:\\Web Devlopment\\1. Front End Development\\Framework\\1. React\\Assignment 04\\src\\Components\\RestaurantCard.jsx","statementMap":{"0":{"start":{"line":5,"column":23},"end":{"line":25,"column":1}},"1":{"start":{"line":6,"column":22},"end":{"line":6,"column":27}},"2":{"start":{"line":8,"column":4},"end":{"line":8,"column":17}},"3":{"start":{"line":10,"column":2},"end":{"line":24,"column":4}},"4":{"start":{"line":27,"column":33},"end":{"line":36,"column":1}},"5":{"start":{"line":28,"column":2},"end":{"line":35,"column":4}},"6":{"start":{"line":29,"column":4},"end":{"line":34,"column":6}}},"fnMap":{"0":{"name":"(anonymous_0)","decl":{"start":{"line":5,"column":23},"end":{"line":5,"column":24}},"loc":{"start":{"line":5,"column":34},"end":{"line":25,"column":1}},"line":5},"1":{"name":"(anonymous_1)","decl":{"start":{"line":27,"column":33},"end":{"line":27,"column":34}},"loc":{"start":{"line":27,"column":53},"end":{"line":36,"column":1}},"line":27},"2":{"name":"(anonymous_2)","decl":{"start":{"line":28,"column":9},"end":{"line":28,"column":10}},"loc":{"start":{"line":28,"column":20},"end":{"line":35,"column":3}},"line":28}},"branchMap":{},"s":{"0":3,"1":140,"2":140,"3":140,"4":3,"5":21,"6":127},"f":{"0":140,"1":21,"2":127},"b":{},"_coverageSchema":"1a1c01bbd47fc00a2c39e90264f33305004495a9","hash":"20ffc8c8fd95e1c40f31b8d77d821b2214acbdd8"}
,"E:\\Web Devlopment\\1. Front End Development\\Framework\\1. React\\Assignment 04\\src\\Components\\RestaurantCategory.jsx": {"path":"E:\\Web Devlopment\\1. Front End Development\\Framework\\1. React\\Assignment 04\\src\\Components\\RestaurantCategory.jsx","statementMap":{"0":{"start":{"line":5,"column":27},"end":{"line":30,"column":1}},"1":{"start":{"line":6,"column":22},"end":{"line":8,"column":3}},"2":{"start":{"line":7,"column":4},"end":{"line":7,"column":19}},"3":{"start":{"line":10,"column":31},"end":{"line":10,"column":47}},"4":{"start":{"line":11,"column":2},"end":{"line":29,"column":4}}},"fnMap":{"0":{"name":"(anonymous_0)","decl":{"start":{"line":5,"column":27},"end":{"line":5,"column":28}},"loc":{"start":{"line":5,"column":66},"end":{"line":30,"column":1}},"line":5},"1":{"name":"(anonymous_1)","decl":{"start":{"line":6,"column":22},"end":{"line":6,"column":23}},"loc":{"start":{"line":6,"column":28},"end":{"line":8,"column":3}},"line":6}},"branchMap":{"0":{"loc":{"start":{"line":19,"column":13},"end":{"line":23,"column":13}},"type":"cond-expr","locations":[{"start":{"line":20,"column":14},"end":{"line":20,"column":52}},{"start":{"line":22,"column":14},"end":{"line":22,"column":54}}],"line":19},"1":{"loc":{"start":{"line":26,"column":9},"end":{"line":26,"column":52}},"type":"binary-expr","locations":[{"start":{"line":26,"column":9},"end":{"line":26,"column":18}},{"start":{"line":26,"column":22},"end":{"line":26,"column":52}}],"line":26}},"s":{"0":1,"1":84,"2":3,"3":84,"4":84},"f":{"0":84,"1":3},"b":{"0":[7,77],"1":[84,7]},"_coverageSchema":"1a1c01bbd47fc00a2c39e90264f33305004495a9","hash":"9c561f4d1c492500a1c078bf4790a81e18b0e9bc"}
,"E:\\Web Devlopment\\1. Front End Development\\Framework\\1. React\\Assignment 04\\src\\Components\\RestaurantMenu.jsx": {"path":"E:\\Web Devlopment\\1. Front End Development\\Framework\\1. React\\Assignment 04\\src\\Components\\RestaurantMenu.jsx","statementMap":{"0":{"start":{"line":7,"column":23},"end":{"line":48,"column":1}},"1":{"start":{"line":8,"column":36},"end":{"line":8,"column":47}},"2":{"start":{"line":9,"column":20},"end":{"line":9,"column":31}},"3":{"start":{"line":11,"column":18},"end":{"line":11,"column":42}},"4":{"start":{"line":14,"column":2},"end":{"line":16,"column":3}},"5":{"start":{"line":15,"column":4},"end":{"line":15,"column":23}},"6":{"start":{"line":18,"column":29},"end":{"line":18,"column":64}},"7":{"start":{"line":21,"column":4},"end":{"line":25,"column":5}},"8":{"start":{"line":23,"column":8},"end":{"line":24,"column":70}},"9":{"start":{"line":27,"column":2},"end":{"line":47,"column":4}},"10":{"start":{"line":36,"column":10},"end":{"line":43,"column":12}},"11":{"start":{"line":41,"column":14},"end":{"line":41,"column":76}}},"fnMap":{"0":{"name":"(anonymous_0)","decl":{"start":{"line":7,"column":23},"end":{"line":7,"column":24}},"loc":{"start":{"line":7,"column":29},"end":{"line":48,"column":1}},"line":7},"1":{"name":"(anonymous_1)","decl":{"start":{"line":22,"column":6},"end":{"line":22,"column":7}},"loc":{"start":{"line":23,"column":8},"end":{"line":24,"column":70}},"line":23},"2":{"name":"(anonymous_2)","decl":{"start":{"line":35,"column":24},"end":{"line":35,"column":25}},"loc":{"start":{"line":36,"column":10},"end":{"line":43,"column":12}},"line":36},"3":{"name":"(anonymous_3)","decl":{"start":{"line":40,"column":26},"end":{"line":40,"column":27}},"loc":{"start":{"line":41,"column":14},"end":{"line":41,"column":76}},"line":41}},"branchMap":{"0":{"loc":{"start":{"line":14,"column":2},"end":{"line":16,"column":3}},"type":"if","locations":[{"start":{"line":14,"column":2},"end":{"line":16,"column":3}},{"start":{},"end":{}}],"line":14},"1":{"loc":{"start":{"line":39,"column":23},"end":{"line":39,"column":57}},"type":"cond-expr","locations":[{"start":{"line":39,"column":45},"end":{"line":39,"column":49}},{"start":{"line":39,"column":52},"end":{"line":39,"column":57}}],"line":39},"2":{"loc":{"start":{"line":41,"column":14},"end":{"line":41,"column":76}},"type":"cond-expr","locations":[{"start":{"line":41,"column":36},"end":{"line":41,"column":55}},{"start":{"line":41,"column":58},"end":{"line":41,"column":76}}],"line":41}},"s":{"0":1,"1":11,"2":11,"3":11,"4":11,"5":4,"6":7,"7":7,"8":147,"9":7,"10":84,"11":3},"f":{"0":11,"1":147,"2":84,"3":3},"b":{"0":[4,7],"1":[7,77],"2":[3,0]},"_coverageSchema":"1a1c01bbd47fc00a2c39e90264f33305004495a9","hash":"582ce818867635dafcfb2b81a71b9d9170e77c41"}
,"E:\\Web Devlopment\\1. Front End Development\\Framework\\1. React\\Assignment 04\\src\\Components\\Shimmer.jsx": {"path":"E:\\Web Devlopment\\1. Front End Development\\Framework\\1. React\\Assignment 04\\src\\Components\\Shimmer.jsx","statementMap":{"0":{"start":{"line":1,"column":20},"end":{"line":10,"column":1}},"1":{"start":{"line":2,"column":2},"end":{"line":9,"column":8}},"2":{"start":{"line":12,"column":16},"end":{"line":21,"column":1}},"3":{"start":{"line":13,"column":23},"end":{"line":13,"column":24}},"4":{"start":{"line":14,"column":2},"end":{"line":20,"column":4}},"5":{"start":{"line":17,"column":8},"end":{"line":17,"column":31}}},"fnMap":{"0":{"name":"(anonymous_0)","decl":{"start":{"line":1,"column":20},"end":{"line":1,"column":21}},"loc":{"start":{"line":2,"column":2},"end":{"line":9,"column":8}},"line":2},"1":{"name":"(anonymous_1)","decl":{"start":{"line":12,"column":16},"end":{"line":12,"column":17}},"loc":{"start":{"line":12,"column":22},"end":{"line":21,"column":1}},"line":12},"2":{"name":"(anonymous_2)","decl":{"start":{"line":16,"column":44},"end":{"line":16,"column":45}},"loc":{"start":{"line":17,"column":8},"end":{"line":17,"column":31}},"line":17}},"branchMap":{},"s":{"0":3,"1":96,"2":3,"3":12,"4":12,"5":96},"f":{"0":96,"1":12,"2":96},"b":{},"_coverageSchema":"1a1c01bbd47fc00a2c39e90264f33305004495a9","hash":"776408cccee97e37fb1201b10466bd6a0ac5c0c6"}
,"E:\\Web Devlopment\\1. Front End Development\\Framework\\1. React\\Assignment 04\\src\\Components\\sum.js": {"path":"E:\\Web Devlopment\\1. Front End Development\\Framework\\1. React\\Assignment 04\\src\\Components\\sum.js","statementMap":{"0":{"start":{"line":1,"column":19},"end":{"line":3,"column":1}},"1":{"start":{"line":2,"column":2},"end":{"line":2,"column":15}}},"fnMap":{"0":{"name":"(anonymous_0)","decl":{"start":{"line":1,"column":19},"end":{"line":1,"column":20}},"loc":{"start":{"line":1,"column":29},"end":{"line":3,"column":1}},"line":1}},"branchMap":{},"s":{"0":1,"1":1},"f":{"0":1},"b":{},"_coverageSchema":"1a1c01bbd47fc00a2c39e90264f33305004495a9","hash":"8dd81cfc96886e884863dcf45802d58b199075a7"}
,"E:\\Web Devlopment\\1. Front End Development\\Framework\\1. React\\Assignment 04\\src\\Utils\\appStore.js": {"path":"E:\\Web Devlopment\\1. Front End Development\\Framework\\1. React\\Assignment 04\\src\\Utils\\appStore.js","statementMap":{"0":{"start":{"line":4,"column":17},"end":{"line":8,"column":2}}},"fnMap":{},"branchMap":{},"s":{"0":2},"f":{},"b":{},"_coverageSchema":"1a1c01bbd47fc00a2c39e90264f33305004495a9","hash":"1268338d971c33f4a0eeb560a49da16d3ea59027"}
,"E:\\Web Devlopment\\1. Front End Development\\Framework\\1. React\\Assignment 04\\src\\Utils\\cartSlice.js": {"path":"E:\\Web Devlopment\\1. Front End Development\\Framework\\1. React\\Assignment 04\\src\\Utils\\cartSlice.js","statementMap":{"0":{"start":{"line":3,"column":18},"end":{"line":19,"column":2}},"1":{"start":{"line":10,"column":6},"end":{"line":10,"column":39}},"2":{"start":{"line":13,"column":6},"end":{"line":13,"column":24}},"3":{"start":{"line":16,"column":6},"end":{"line":16,"column":29}},"4":{"start":{"line":21,"column":52},"end":{"line":21,"column":69}}},"fnMap":{"0":{"name":"(anonymous_0)","decl":{"start":{"line":9,"column":14},"end":{"line":9,"column":15}},"loc":{"start":{"line":9,"column":33},"end":{"line":11,"column":5}},"line":9},"1":{"name":"(anonymous_1)","decl":{"start":{"line":12,"column":17},"end":{"line":12,"column":18}},"loc":{"start":{"line":12,"column":28},"end":{"line":14,"column":5}},"line":12},"2":{"name":"(anonymous_2)","decl":{"start":{"line":15,"column":15},"end":{"line":15,"column":16}},"loc":{"start":{"line":15,"column":26},"end":{"line":17,"column":5}},"line":15}},"branchMap":{},"s":{"0":2,"1":2,"2":0,"3":1,"4":2},"f":{"0":2,"1":0,"2":1},"b":{},"_coverageSchema":"1a1c01bbd47fc00a2c39e90264f33305004495a9","hash":"1bf4f796202bca68adf112f8afbbdf8e9699d12f"}
,"E:\\Web Devlopment\\1. Front End Development\\Framework\\1. React\\Assignment 04\\src\\Utils\\constants.js": {"path":"E:\\Web Devlopment\\1. Front End Development\\Framework\\1. React\\Assignment 04\\src\\Utils\\constants.js","statementMap":{"0":{"start":{"line":2,"column":2},"end":{"line":2,"column":93}},"1":{"start":{"line":5,"column":2},"end":{"line":5,"column":85}},"2":{"start":{"line":8,"column":2},"end":{"line":8,"column":121}},"3":{"start":{"line":11,"column":2},"end":{"line":11,"column":97}}},"fnMap":{},"branchMap":{},"s":{"0":4,"1":4,"2":4,"3":4},"f":{},"b":{},"_coverageSchema":"1a1c01bbd47fc00a2c39e90264f33305004495a9","hash":"26ade52235bd5a616462b37e828e43b5774aab08"}
,"E:\\Web Devlopment\\1. Front End Development\\Framework\\1. React\\Assignment 04\\src\\Utils\\useOnlineStatus.js": {"path":"E:\\Web Devlopment\\1. Front End Development\\Framework\\1. React\\Assignment 04\\src\\Utils\\useOnlineStatus.js","statementMap":{"0":{"start":{"line":3,"column":24},"end":{"line":16,"column":1}},"1":{"start":{"line":4,"column":42},"end":{"line":4,"column":56}},"2":{"start":{"line":5,"column":2},"end":{"line":13,"column":9}},"3":{"start":{"line":6,"column":4},"end":{"line":8,"column":7}},"4":{"start":{"line":7,"column":6},"end":{"line":7,"column":29}},"5":{"start":{"line":10,"column":4},"end":{"line":12,"column":7}},"6":{"start":{"line":11,"column":6},"end":{"line":11,"column":28}},"7":{"start":{"line":15,"column":2},"end":{"line":15,"column":22}}},"fnMap":{"0":{"name":"(anonymous_0)","decl":{"start":{"line":3,"column":24},"end":{"line":3,"column":25}},"loc":{"start":{"line":3,"column":30},"end":{"line":16,"column":1}},"line":3},"1":{"name":"(anonymous_1)","decl":{"start":{"line":5,"column":12},"end":{"line":5,"column":13}},"loc":{"start":{"line":5,"column":18},"end":{"line":13,"column":3}},"line":5},"2":{"name":"(anonymous_2)","decl":{"start":{"line":6,"column":39},"end":{"line":6,"column":40}},"loc":{"start":{"line":6,"column":45},"end":{"line":8,"column":5}},"line":6},"3":{"name":"(anonymous_3)","decl":{"start":{"line":10,"column":38},"end":{"line":10,"column":39}},"loc":{"start":{"line":10,"column":44},"end":{"line":12,"column":5}},"line":10}},"branchMap":{},"s":{"0":4,"1":21,"2":21,"3":6,"4":0,"5":6,"6":0,"7":21},"f":{"0":21,"1":6,"2":0,"3":0},"b":{},"_coverageSchema":"1a1c01bbd47fc00a2c39e90264f33305004495a9","hash":"d948f96a4bfe863143268044553d788964601402"}
,"E:\\Web Devlopment\\1. Front End Development\\Framework\\1. React\\Assignment 04\\src\\Utils\\useRestaurantMenu.js": {"path":"E:\\Web Devlopment\\1. Front End Development\\Framework\\1. React\\Assignment 04\\src\\Utils\\useRestaurantMenu.js","statementMap":{"0":{"start":{"line":4,"column":26},"end":{"line":19,"column":1}},"1":{"start":{"line":5,"column":32},"end":{"line":5,"column":46}},"2":{"start":{"line":7,"column":2},"end":{"line":9,"column":9}},"3":{"start":{"line":8,"column":4},"end":{"line":8,"column":16}},"4":{"start":{"line":11,"column":20},"end":{"line":16,"column":3}},"5":{"start":{"line":12,"column":17},"end":{"line":12,"column":46}},"6":{"start":{"line":13,"column":17},"end":{"line":13,"column":34}},"7":{"start":{"line":15,"column":4},"end":{"line":15,"column":26}},"8":{"start":{"line":18,"column":2},"end":{"line":18,"column":17}}},"fnMap":{"0":{"name":"(anonymous_0)","decl":{"start":{"line":4,"column":26},"end":{"line":4,"column":27}},"loc":{"start":{"line":4,"column":37},"end":{"line":19,"column":1}},"line":4},"1":{"name":"(anonymous_1)","decl":{"start":{"line":7,"column":12},"end":{"line":7,"column":13}},"loc":{"start":{"line":7,"column":18},"end":{"line":9,"column":3}},"line":7},"2":{"name":"(anonymous_2)","decl":{"start":{"line":11,"column":20},"end":{"line":11,"column":21}},"loc":{"start":{"line":11,"column":32},"end":{"line":16,"column":3}},"line":11}},"branchMap":{},"s":{"0":1,"1":11,"2":11,"3":4,"4":11,"5":4,"6":4,"7":4,"8":11},"f":{"0":11,"1":4,"2":4},"b":{},"_coverageSchema":"1a1c01bbd47fc00a2c39e90264f33305004495a9","hash":"c688529af36c8e0594522d58ef1fdbf0300e5bb0"}
,"E:\\Web Devlopment\\1. Front End Development\\Framework\\1. React\\Assignment 04\\src\\Utils\\userContext.js": {"path":"E:\\Web Devlopment\\1. Front End Development\\Framework\\1. React\\Assignment 04\\src\\Utils\\userContext.js","statementMap":{"0":{"start":{"line":3,"column":20},"end":{"line":5,"column":2}}},"fnMap":{},"branchMap":{},"s":{"0":4},"f":{},"b":{},"_coverageSchema":"1a1c01bbd47fc00a2c39e90264f33305004495a9","hash":"2a3fa8ca6b21ec65a4e168f393b2a003d5565784"}
}
