TN:
SF:src\Components\Body.jsx
FN:8,(anonymous_0)
FN:15,(anonymous_1)
FN:31,(anonymous_2)
FN:35,(anonymous_3)
FN:38,(anonymous_4)
FN:42,(anonymous_5)
FN:70,(anonymous_6)
FN:71,(anonymous_7)
FN:87,(anonymous_8)
FN:89,(anonymous_9)
FN:104,(anonymous_10)
FN:110,(anonymous_11)
FNF:12
FNH:12
FNDA:20,(anonymous_0)
FNDA:5,(anonymous_1)
FNDA:5,(anonymous_2)
FNDA:2,(anonymous_3)
FNDA:40,(anonymous_4)
FNDA:40,(anonymous_5)
FNDA:2,(anonymous_6)
FNDA:1,(anonymous_7)
FNDA:1,(anonymous_8)
FNDA:20,(anonymous_9)
FNDA:1,(anonymous_10)
FNDA:138,(anonymous_11)
DA:8,2
DA:9,20
DA:10,20
DA:11,20
DA:12,20
DA:14,20
DA:15,20
DA:16,5
DA:17,5
DA:20,5
DA:23,5
DA:26,5
DA:27,5
DA:28,5
DA:31,20
DA:32,5
DA:35,20
DA:37,2
DA:38,2
DA:39,40
DA:40,40
DA:41,40
DA:42,40
DA:45,2
DA:48,20
DA:49,20
DA:50,3
DA:57,17
DA:59,17
DA:70,2
DA:72,1
DA:73,1
DA:88,1
DA:89,20
DA:91,1
DA:104,1
DA:111,138
LF:37
LH:37
BRDA:42,0,0,40
BRDA:42,0,1,32
BRDA:49,1,0,3
BRDA:49,1,1,17
BRDA:59,2,0,8
BRDA:59,2,1,9
BRDA:72,3,0,1
BRDA:72,3,1,0
BRDA:116,4,0,126
BRDA:116,4,1,12
BRF:10
BRH:9
end_of_record
TN:
SF:src\Components\Contact.jsx
FN:1,(anonymous_0)
FNF:1
FNH:1
FNDA:4,(anonymous_0)
DA:1,1
DA:2,4
LF:2
LH:2
BRF:0
BRH:0
end_of_record
TN:
SF:src\Components\Header.jsx
FN:9,(anonymous_0)
FN:15,(anonymous_1)
FN:18,(anonymous_2)
FN:20,(anonymous_3)
FN:35,(anonymous_4)
FN:54,(anonymous_5)
FN:71,(anonymous_6)
FN:72,(anonymous_7)
FN:86,(anonymous_8)
FN:86,(anonymous_9)
FN:126,(anonymous_10)
FN:130,(anonymous_11)
FN:141,(anonymous_12)
FN:152,(anonymous_13)
FN:153,(anonymous_14)
FNF:15
FNH:6
FNDA:5,(anonymous_0)
FNDA:10,(anonymous_1)
FNDA:5,(anonymous_2)
FNDA:5,(anonymous_3)
FNDA:0,(anonymous_4)
FNDA:20,(anonymous_5)
FNDA:0,(anonymous_6)
FNDA:0,(anonymous_7)
FNDA:0,(anonymous_8)
FNDA:0,(anonymous_9)
FNDA:20,(anonymous_10)
FNDA:0,(anonymous_11)
FNDA:0,(anonymous_12)
FNDA:0,(anonymous_13)
FNDA:0,(anonymous_14)
DA:9,1
DA:10,5
DA:11,5
DA:13,5
DA:14,5
DA:15,10
DA:18,5
DA:19,5
DA:20,5
DA:23,5
DA:30,5
DA:35,0
DA:55,20
DA:72,0
DA:86,0
DA:127,20
DA:130,0
DA:141,0
DA:153,0
DA:154,0
LF:20
LH:13
BRDA:19,0,0,0
BRDA:19,0,1,5
BRDA:52,1,0,1
BRDA:52,1,1,4
BRDA:72,2,0,0
BRDA:72,2,1,0
BRDA:95,3,0,0
BRDA:95,3,1,5
BRDA:118,4,0,0
BRDA:118,4,1,5
BRDA:125,5,0,1
BRDA:125,5,1,4
BRDA:153,6,0,0
BRDA:153,6,1,0
BRF:14
BRH:7
end_of_record
TN:
SF:src\Components\RestaurantCard.jsx
FN:5,(anonymous_0)
FN:41,(anonymous_1)
FN:42,(anonymous_2)
FNF:3
FNH:3
FNDA:140,(anonymous_0)
FNDA:21,(anonymous_1)
FNDA:127,(anonymous_2)
DA:5,3
DA:6,140
DA:8,140
DA:10,140
DA:41,3
DA:42,21
DA:43,127
LF:7
LH:7
BRF:0
BRH:0
end_of_record
TN:
SF:src\Components\Shimmer.jsx
FN:1,(anonymous_0)
FN:12,(anonymous_1)
FN:15,(anonymous_2)
FNF:3
FNH:3
FNDA:64,(anonymous_0)
FNDA:8,(anonymous_1)
FNDA:64,(anonymous_2)
DA:1,2
DA:2,64
DA:12,2
DA:13,8
DA:16,64
LF:5
LH:5
BRF:0
BRH:0
end_of_record
TN:
SF:src\Components\sum.js
FN:1,(anonymous_0)
FNF:1
FNH:1
FNDA:1,(anonymous_0)
DA:1,1
DA:2,1
LF:2
LH:2
BRF:0
BRH:0
end_of_record
TN:
SF:src\Utils\appStore.js
FNF:0
FNH:0
DA:4,1
LF:1
LH:1
BRF:0
BRH:0
end_of_record
TN:
SF:src\Utils\cartSlice.js
FN:9,(anonymous_0)
FN:12,(anonymous_1)
FN:15,(anonymous_2)
FNF:3
FNH:0
FNDA:0,(anonymous_0)
FNDA:0,(anonymous_1)
FNDA:0,(anonymous_2)
DA:3,1
DA:10,0
DA:13,0
DA:16,0
DA:21,1
LF:5
LH:2
BRF:0
BRH:0
end_of_record
TN:
SF:src\Utils\constants.js
FNF:0
FNH:0
DA:2,3
DA:5,3
DA:8,3
DA:11,3
LF:4
LH:4
BRF:0
BRH:0
end_of_record
TN:
SF:src\Utils\useOnlineStatus.js
FN:3,(anonymous_0)
FN:5,(anonymous_1)
FN:6,(anonymous_2)
FN:10,(anonymous_3)
FNF:4
FNH:2
FNDA:17,(anonymous_0)
FNDA:4,(anonymous_1)
FNDA:0,(anonymous_2)
FNDA:0,(anonymous_3)
DA:3,3
DA:4,17
DA:5,17
DA:6,4
DA:7,0
DA:10,4
DA:11,0
DA:15,17
LF:8
LH:6
BRF:0
BRH:0
end_of_record
TN:
SF:src\Utils\userContext.js
FNF:0
FNH:0
DA:3,3
LF:1
LH:1
BRF:0
BRH:0
end_of_record
