TN:
SF:src\Components\Body.jsx
FN:8,(anonymous_0)
FN:15,(anonymous_1)
FN:31,(anonymous_2)
FN:35,(anonymous_3)
FN:38,(anonymous_4)
FN:42,(anonymous_5)
FN:66,(anonymous_6)
FN:67,(anonymous_7)
FN:80,(anonymous_8)
FN:82,(anonymous_9)
FN:95,(anonymous_10)
FN:101,(anonymous_11)
FNF:12
FNH:12
FNDA:20,(anonymous_0)
FNDA:5,(anonymous_1)
FNDA:5,(anonymous_2)
FNDA:2,(anonymous_3)
FNDA:40,(anonymous_4)
FNDA:40,(anonymous_5)
FNDA:2,(anonymous_6)
FNDA:1,(anonymous_7)
FNDA:1,(anonymous_8)
FNDA:20,(anonymous_9)
FNDA:1,(anonymous_10)
FNDA:138,(anonymous_11)
DA:8,2
DA:9,20
DA:10,20
DA:11,20
DA:12,20
DA:14,20
DA:15,20
DA:16,5
DA:17,5
DA:20,5
DA:23,5
DA:26,5
DA:27,5
DA:28,5
DA:31,20
DA:32,5
DA:35,20
DA:37,2
DA:38,2
DA:39,40
DA:40,40
DA:41,40
DA:42,40
DA:45,2
DA:48,20
DA:49,20
DA:50,3
DA:53,17
DA:55,17
DA:66,2
DA:68,1
DA:69,1
DA:81,1
DA:82,20
DA:84,1
DA:95,1
DA:102,138
LF:37
LH:37
BRDA:42,0,0,40
BRDA:42,0,1,32
BRDA:49,1,0,3
BRDA:49,1,1,17
BRDA:55,2,0,8
BRDA:55,2,1,9
BRDA:68,3,0,1
BRDA:68,3,1,0
BRDA:106,4,0,126
BRDA:106,4,1,12
BRF:10
BRH:9
end_of_record
TN:
SF:src\Components\Cart.jsx
FN:5,(anonymous_0)
FN:6,(anonymous_1)
FN:9,(anonymous_2)
FNF:3
FNH:3
FNDA:3,(anonymous_0)
FNDA:6,(anonymous_1)
FNDA:1,(anonymous_2)
DA:5,1
DA:6,6
DA:8,3
DA:9,3
DA:10,1
DA:13,3
LF:6
LH:6
BRDA:18,0,0,2
BRDA:18,0,1,1
BRDA:27,1,0,2
BRDA:27,1,1,1
BRF:4
BRH:4
end_of_record
TN:
SF:src\Components\Contact.jsx
FN:1,(anonymous_0)
FNF:1
FNH:1
FNDA:4,(anonymous_0)
DA:1,1
DA:2,4
LF:2
LH:2
BRF:0
BRH:0
end_of_record
TN:
SF:src\Components\Header.jsx
FN:9,(anonymous_0)
FN:18,(anonymous_1)
FN:56,(anonymous_2)
FNF:3
FNH:3
FNDA:11,(anonymous_0)
FNDA:20,(anonymous_1)
FNDA:2,(anonymous_2)
DA:9,2
DA:10,11
DA:12,11
DA:14,11
DA:18,20
DA:19,11
DA:57,2
LF:7
LH:7
BRDA:33,0,0,5
BRDA:33,0,1,6
BRDA:57,1,0,1
BRDA:57,1,1,1
BRF:4
BRH:4
end_of_record
TN:
SF:src\Components\ItemList.jsx
FN:6,(anonymous_0)
FN:9,(anonymous_1)
FN:16,(anonymous_2)
FN:36,(anonymous_3)
FNF:4
FNH:4
FNDA:9,(anonymous_0)
FNDA:2,(anonymous_1)
FNDA:116,(anonymous_2)
FNDA:2,(anonymous_3)
DA:6,1
DA:7,9
DA:9,9
DA:11,2
DA:14,9
DA:17,116
DA:36,2
LF:7
LH:7
BRDA:24,0,0,116
BRDA:24,0,1,60
BRDA:31,1,0,112
BRDA:31,1,1,4
BRF:4
BRH:4
end_of_record
TN:
SF:src\Components\RestaurantCard.jsx
FN:5,(anonymous_0)
FN:27,(anonymous_1)
FN:28,(anonymous_2)
FNF:3
FNH:3
FNDA:140,(anonymous_0)
FNDA:21,(anonymous_1)
FNDA:127,(anonymous_2)
DA:5,3
DA:6,140
DA:8,140
DA:10,140
DA:27,3
DA:28,21
DA:29,127
LF:7
LH:7
BRF:0
BRH:0
end_of_record
TN:
SF:src\Components\RestaurantCategory.jsx
FN:5,(anonymous_0)
FN:6,(anonymous_1)
FNF:2
FNH:2
FNDA:84,(anonymous_0)
FNDA:3,(anonymous_1)
DA:5,1
DA:6,84
DA:7,3
DA:10,84
DA:11,84
LF:5
LH:5
BRDA:19,0,0,7
BRDA:19,0,1,77
BRDA:26,1,0,84
BRDA:26,1,1,7
BRF:4
BRH:4
end_of_record
TN:
SF:src\Components\RestaurantMenu.jsx
FN:7,(anonymous_0)
FN:22,(anonymous_1)
FN:35,(anonymous_2)
FN:40,(anonymous_3)
FNF:4
FNH:4
FNDA:11,(anonymous_0)
FNDA:147,(anonymous_1)
FNDA:84,(anonymous_2)
FNDA:3,(anonymous_3)
DA:7,1
DA:8,11
DA:9,11
DA:11,11
DA:14,11
DA:15,4
DA:18,7
DA:21,7
DA:23,147
DA:27,7
DA:36,84
DA:41,3
LF:12
LH:12
BRDA:14,0,0,4
BRDA:14,0,1,7
BRDA:39,1,0,7
BRDA:39,1,1,77
BRDA:41,2,0,3
BRDA:41,2,1,0
BRF:6
BRH:5
end_of_record
TN:
SF:src\Components\Shimmer.jsx
FN:1,(anonymous_0)
FN:12,(anonymous_1)
FN:16,(anonymous_2)
FNF:3
FNH:3
FNDA:96,(anonymous_0)
FNDA:12,(anonymous_1)
FNDA:96,(anonymous_2)
DA:1,3
DA:2,96
DA:12,3
DA:13,12
DA:14,12
DA:17,96
LF:6
LH:6
BRF:0
BRH:0
end_of_record
TN:
SF:src\Components\sum.js
FN:1,(anonymous_0)
FNF:1
FNH:1
FNDA:1,(anonymous_0)
DA:1,1
DA:2,1
LF:2
LH:2
BRF:0
BRH:0
end_of_record
TN:
SF:src\Utils\appStore.js
FNF:0
FNH:0
DA:4,2
LF:1
LH:1
BRF:0
BRH:0
end_of_record
TN:
SF:src\Utils\cartSlice.js
FN:9,(anonymous_0)
FN:12,(anonymous_1)
FN:15,(anonymous_2)
FNF:3
FNH:2
FNDA:2,(anonymous_0)
FNDA:0,(anonymous_1)
FNDA:1,(anonymous_2)
DA:3,2
DA:10,2
DA:13,0
DA:16,1
DA:21,2
LF:5
LH:4
BRF:0
BRH:0
end_of_record
TN:
SF:src\Utils\constants.js
FNF:0
FNH:0
DA:2,4
DA:5,4
DA:8,4
DA:11,4
LF:4
LH:4
BRF:0
BRH:0
end_of_record
TN:
SF:src\Utils\useOnlineStatus.js
FN:3,(anonymous_0)
FN:5,(anonymous_1)
FN:6,(anonymous_2)
FN:10,(anonymous_3)
FNF:4
FNH:2
FNDA:21,(anonymous_0)
FNDA:6,(anonymous_1)
FNDA:0,(anonymous_2)
FNDA:0,(anonymous_3)
DA:3,4
DA:4,21
DA:5,21
DA:6,6
DA:7,0
DA:10,6
DA:11,0
DA:15,21
LF:8
LH:6
BRF:0
BRH:0
end_of_record
TN:
SF:src\Utils\useRestaurantMenu.js
FN:4,(anonymous_0)
FN:7,(anonymous_1)
FN:11,(anonymous_2)
FNF:3
FNH:3
FNDA:11,(anonymous_0)
FNDA:4,(anonymous_1)
FNDA:4,(anonymous_2)
DA:4,1
DA:5,11
DA:7,11
DA:8,4
DA:11,11
DA:12,4
DA:13,4
DA:15,4
DA:18,11
LF:9
LH:9
BRF:0
BRH:0
end_of_record
TN:
SF:src\Utils\userContext.js
FNF:0
FNH:0
DA:3,4
LF:1
LH:1
BRF:0
BRH:0
end_of_record
